<?xml version="1.0" encoding="UTF-8"?>
<!-- Generated by org.testng.reporters.JUnitReportReporter -->
<testsuite skipped="0" hostname="DESKTOP-4OGRH8L" name="com.volley.yinhe.testCase.testCourseList" tests="1" failures="0" timestamp="25 三月 2019 09:12:08 GMT" time="123.947" errors="0">
  <testcase name="CourseList" time="123.947" classname="com.volley.yinhe.testCase.testCourseList"/>
</testsuite> <!-- com.volley.yinhe.testCase.testCourseList -->
