<?xml version="1.0" encoding="UTF-8"?>
<!-- Generated by org.testng.reporters.JUnitReportReporter -->
<testsuite skipped="0" hostname="DESKTOP-4OGRH8L" name="com.volley.yinhe.testCase.SuiteTestBuy" tests="1" failures="0" timestamp="02 四月 2019 01:22:34 GMT" time="1.047" errors="0">
  <testcase name="SuiteTestBuy" time="1.047" classname="com.volley.yinhe.testCase.SuiteTestBuy"/>
</testsuite> <!-- com.volley.yinhe.testCase.SuiteTestBuy -->
