<?xml version="1.0" encoding="UTF-8"?>
<!-- Generated by org.testng.reporters.JUnitReportReporter -->
<testsuite skipped="0" hostname="DESKTOP-4OGRH8L" name="com.volley.yinhe.testCase.Login" tests="3" failures="0" timestamp="27 三月 2019 05:25:20 GMT" time="42.259" errors="0">
  <testcase name="getLoginHome" time="15.913" classname="com.volley.yinhe.testCase.Login"/>
  <testcase name="testLogin" time="5.649" classname="com.volley.yinhe.testCase.Login"/>
  <testcase name="AddCar" time="20.697" classname="com.volley.yinhe.testCase.Login"/>
</testsuite> <!-- com.volley.yinhe.testCase.Login -->
